<?xml version="1.0" encoding="UTF-8"?>
<testsuite xmlns:xsi="http://www.w3.org/2001/XMLSchema-instance" xsi:noNamespaceSchemaLocation="https://maven.apache.org/surefire/maven-surefire-plugin/xsd/surefire-test-report-3.0.xsd" version="3.0" name="baha.AppTest" time="0.052" tests="7" errors="0" skipped="0" failures="0">
  <properties>
[...]
</properties>
  <testcase name="testPerformance" classname="baha.AppTest" time="0.003"/>
  <testcase name="testAdd" classname="baha.AppTest" time="0.0"/>
  <testcase name="testSubtract" classname="baha.AppTest" time="0.0"/>
  <testcase name="testIntegration" classname="baha.AppTest" time="0.0"/>
  <testcase name="testDivide" classname="baha.AppTest" time="0.0"/>
  <testcase name="testMultiply" classname="baha.AppTest" time="0.0"/>
  <testcase name="testSecurity" classname="baha.AppTest" time="0.0"/>
</testsuite>